b:\finalparallelafeka\finalafp\x64\debug\vc140.pdb
b:\finalparallelafeka\finalafp\x64\debug\vc140.idb
b:\finalparallelafeka\finalafp\x64\debug\io.obj
b:\finalparallelafeka\finalafp\x64\debug\program.obj
b:\finalparallelafeka\finalafp\x64\debug\util.obj
b:\finalparallelafeka\finalafp\x64\debug\parallelperceptron.ilk
b:\finalparallelafeka\finalafp\x64\debug\parallelperceptron.exe
b:\finalparallelafeka\finalafp\x64\debug\parallelperceptron.pdb
b:\finalparallelafeka\finalafp\x64\debug\parallelperceptron.lib
b:\finalparallelafeka\finalafp\x64\debug\parallelperceptron.exp
b:\finalparallelafeka\finalafp\x64\debug\cudauutils.cu.cache
b:\finalparallelafeka\finalafp\x64\debug\kernel.cu.cache
b:\finalparallelafeka\finalafp\x64\debug\cudauutils.cu.obj
b:\finalparallelafeka\finalafp\x64\debug\kernel.cu.obj
b:\finalparallelafeka\finalafp\x64\debug\parallel.bf035fcb.tlog\cl.command.1.tlog
b:\finalparallelafeka\finalafp\x64\debug\parallel.bf035fcb.tlog\cl.read.1.tlog
b:\finalparallelafeka\finalafp\x64\debug\parallel.bf035fcb.tlog\cl.write.1.tlog
b:\finalparallelafeka\finalafp\x64\debug\parallel.bf035fcb.tlog\link.command.1.tlog
b:\finalparallelafeka\finalafp\x64\debug\parallel.bf035fcb.tlog\link.read.1.tlog
b:\finalparallelafeka\finalafp\x64\debug\parallel.bf035fcb.tlog\link.write.1.tlog
b:\finalparallelafeka\finalafp\x64\debug\parallel.bf035fcb.tlog\parallelperceptron.write.1u.tlog
